2020-09-02 17:23:17.443 [ restartedMain ] - [ INFO  ] [ com.yetao.blog.BlogApplication : 50 ] - Starting BlogApplication on DESKTOP-774GIQL with PID 8172 (D:\Code\IdeaProjects\blog\target\classes started by yetao in D:\Code\IdeaProjects\blog)
2020-09-02 17:23:17.455 [ restartedMain ] - [ INFO  ] [ com.yetao.blog.BlogApplication : 648 ] - No active profile set, falling back to default profiles: default
2020-09-02 17:23:18.799 [ restartedMain ] - [ INFO  ] [ org.apache.coyote.http11.Http11NioProtocol : 173 ] - Initializing ProtocolHandler ["http-nio-8000"]
2020-09-02 17:23:18.808 [ restartedMain ] - [ INFO  ] [ org.apache.catalina.core.StandardService : 173 ] - Starting service [Tomcat]
2020-09-02 17:23:18.809 [ restartedMain ] - [ INFO  ] [ org.apache.catalina.core.StandardEngine : 173 ] - Starting Servlet engine: [Apache Tomcat/9.0.37]
2020-09-02 17:23:18.918 [ restartedMain ] - [ INFO  ] [ o.a.c.core.ContainerBase.[Tomcat].[localhost].[/] : 173 ] - Initializing Spring embedded WebApplicationContext
2020-09-02 17:23:20.145 [ restartedMain ] - [ INFO  ] [ org.apache.coyote.http11.Http11NioProtocol : 173 ] - Starting ProtocolHandler ["http-nio-8000"]
2020-09-02 17:23:20.166 [ restartedMain ] - [ INFO  ] [ com.yetao.blog.BlogApplication : 59 ] - Started BlogApplication in 3.155 seconds (JVM running for 3.987)
2020-09-02 17:23:49.784 [ http-nio-8000-exec-1 ] - [ INFO  ] [ o.a.c.core.ContainerBase.[Tomcat].[localhost].[/] : 173 ] - Initializing Spring DispatcherServlet 'dispatcherServlet'
2020-09-02 17:23:49.912 [ http-nio-8000-exec-1 ] - [ INFO  ] [ io.lettuce.core.EpollProvider : 68 ] - Starting without optional epoll library
2020-09-02 17:23:49.913 [ http-nio-8000-exec-1 ] - [ INFO  ] [ io.lettuce.core.KqueueProvider : 70 ] - Starting without optional kqueue library
2020-09-02 17:27:14.266 [ restartedMain ] - [ INFO  ] [ com.yetao.blog.BlogApplication : 50 ] - Starting BlogApplication on DESKTOP-774GIQL with PID 18008 (D:\Code\IdeaProjects\blog\target\classes started by yetao in D:\Code\IdeaProjects\blog)
2020-09-02 17:27:14.269 [ restartedMain ] - [ INFO  ] [ com.yetao.blog.BlogApplication : 648 ] - No active profile set, falling back to default profiles: default
2020-09-02 17:27:15.467 [ restartedMain ] - [ INFO  ] [ org.apache.coyote.http11.Http11NioProtocol : 173 ] - Initializing ProtocolHandler ["http-nio-8000"]
2020-09-02 17:27:15.476 [ restartedMain ] - [ INFO  ] [ org.apache.catalina.core.StandardService : 173 ] - Starting service [Tomcat]
2020-09-02 17:27:15.476 [ restartedMain ] - [ INFO  ] [ org.apache.catalina.core.StandardEngine : 173 ] - Starting Servlet engine: [Apache Tomcat/9.0.37]
2020-09-02 17:27:15.576 [ restartedMain ] - [ INFO  ] [ o.a.c.core.ContainerBase.[Tomcat].[localhost].[/] : 173 ] - Initializing Spring embedded WebApplicationContext
2020-09-02 17:27:16.616 [ restartedMain ] - [ INFO  ] [ org.apache.coyote.http11.Http11NioProtocol : 173 ] - Starting ProtocolHandler ["http-nio-8000"]
2020-09-02 17:27:16.636 [ restartedMain ] - [ INFO  ] [ com.yetao.blog.BlogApplication : 59 ] - Started BlogApplication in 2.725 seconds (JVM running for 3.398)
2020-09-02 17:27:19.337 [ http-nio-8000-exec-1 ] - [ INFO  ] [ o.a.c.core.ContainerBase.[Tomcat].[localhost].[/] : 173 ] - Initializing Spring DispatcherServlet 'dispatcherServlet'
2020-09-02 17:27:19.447 [ http-nio-8000-exec-1 ] - [ INFO  ] [ io.lettuce.core.EpollProvider : 68 ] - Starting without optional epoll library
2020-09-02 17:27:19.448 [ http-nio-8000-exec-1 ] - [ INFO  ] [ io.lettuce.core.KqueueProvider : 70 ] - Starting without optional kqueue library
2020-09-02 17:27:19.888 [ http-nio-8000-exec-1 ] - [ ERROR ] [ o.a.c.c.C.[.[localhost].[/].[dispatcherServlet] : 175 ] - Servlet.service() for servlet [dispatcherServlet] in context with path [] threw exception [Request processing failed; nested exception is org.springframework.http.converter.HttpMessageConversionException: Type definition error: [simple type, class sun.awt.windows.WFontPeer]; nested exception is com.fasterxml.jackson.databind.exc.InvalidDefinitionException: No serializer found for class sun.awt.windows.WFontPeer and no properties discovered to create BeanSerializer (to avoid exception, disable SerializationFeature.FAIL_ON_EMPTY_BEANS) (through reference chain: com.yetao.blog.utils.Result["data"]->java.util.HashMap["image"]->com.wf.captcha.SpecCaptcha["font"]->java.awt.Font["peer"])] with root cause
com.fasterxml.jackson.databind.exc.InvalidDefinitionException: No serializer found for class sun.awt.windows.WFontPeer and no properties discovered to create BeanSerializer (to avoid exception, disable SerializationFeature.FAIL_ON_EMPTY_BEANS) (through reference chain: com.yetao.blog.utils.Result["data"]->java.util.HashMap["image"]->com.wf.captcha.SpecCaptcha["font"]->java.awt.Font["peer"])
	at com.fasterxml.jackson.databind.exc.InvalidDefinitionException.from(InvalidDefinitionException.java:77)
	at com.fasterxml.jackson.databind.SerializerProvider.reportBadDefinition(SerializerProvider.java:1191)
	at com.fasterxml.jackson.databind.DatabindContext.reportBadDefinition(DatabindContext.java:313)
	at com.fasterxml.jackson.databind.ser.impl.UnknownSerializer.failForEmpty(UnknownSerializer.java:71)
	at com.fasterxml.jackson.databind.ser.impl.UnknownSerializer.serialize(UnknownSerializer.java:33)
	at com.fasterxml.jackson.databind.ser.BeanPropertyWriter.serializeAsField(BeanPropertyWriter.java:727)
	at com.fasterxml.jackson.databind.ser.std.BeanSerializerBase.serializeFields(BeanSerializerBase.java:719)
	at com.fasterxml.jackson.databind.ser.BeanSerializer.serialize(BeanSerializer.java:155)
	at com.fasterxml.jackson.databind.ser.BeanPropertyWriter.serializeAsField(BeanPropertyWriter.java:727)
	at com.fasterxml.jackson.databind.ser.std.BeanSerializerBase.serializeFields(BeanSerializerBase.java:719)
	at com.fasterxml.jackson.databind.ser.BeanSerializer.serialize(BeanSerializer.java:155)
	at com.fasterxml.jackson.databind.ser.std.MapSerializer.serializeFields(MapSerializer.java:722)
	at com.fasterxml.jackson.databind.ser.std.MapSerializer.serialize(MapSerializer.java:643)
	at com.fasterxml.jackson.databind.ser.std.MapSerializer.serialize(MapSerializer.java:33)
	at com.fasterxml.jackson.databind.ser.BeanPropertyWriter.serializeAsField(BeanPropertyWriter.java:727)
	at com.fasterxml.jackson.databind.ser.std.BeanSerializerBase.serializeFields(BeanSerializerBase.java:719)
	at com.fasterxml.jackson.databind.ser.BeanSerializer.serialize(BeanSerializer.java:155)
	at com.fasterxml.jackson.databind.ser.DefaultSerializerProvider._serialize(DefaultSerializerProvider.java:480)
	at com.fasterxml.jackson.databind.ser.DefaultSerializerProvider.serializeValue(DefaultSerializerProvider.java:319)
	at com.fasterxml.jackson.databind.ObjectWriter$Prefetch.serialize(ObjectWriter.java:1396)
	at com.fasterxml.jackson.databind.ObjectWriter.writeValue(ObjectWriter.java:913)
	at org.springframework.http.converter.json.AbstractJackson2HttpMessageConverter.writeInternal(AbstractJackson2HttpMessageConverter.java:334)
	at org.springframework.http.converter.AbstractGenericHttpMessageConverter.write(AbstractGenericHttpMessageConverter.java:103)
	at org.springframework.web.servlet.mvc.method.annotation.AbstractMessageConverterMethodProcessor.writeWithMessageConverters(AbstractMessageConverterMethodProcessor.java:291)
	at org.springframework.web.servlet.mvc.method.annotation.RequestResponseBodyMethodProcessor.handleReturnValue(RequestResponseBodyMethodProcessor.java:181)
	at org.springframework.web.method.support.HandlerMethodReturnValueHandlerComposite.handleReturnValue(HandlerMethodReturnValueHandlerComposite.java:82)
	at org.springframework.web.servlet.mvc.method.annotation.ServletInvocableHandlerMethod.invokeAndHandle(ServletInvocableHandlerMethod.java:123)
	at org.springframework.web.servlet.mvc.method.annotation.RequestMappingHandlerAdapter.invokeHandlerMethod(RequestMappingHandlerAdapter.java:892)
	at org.springframework.web.servlet.mvc.method.annotation.RequestMappingHandlerAdapter.handleInternal(RequestMappingHandlerAdapter.java:797)
	at org.springframework.web.servlet.mvc.method.AbstractHandlerMethodAdapter.handle(AbstractHandlerMethodAdapter.java:87)
	at org.springframework.web.servlet.DispatcherServlet.doDispatch(DispatcherServlet.java:1040)
	at org.springframework.web.servlet.DispatcherServlet.doService(DispatcherServlet.java:943)
	at org.springframework.web.servlet.FrameworkServlet.processRequest(FrameworkServlet.java:1006)
	at org.springframework.web.servlet.FrameworkServlet.doGet(FrameworkServlet.java:898)
	at javax.servlet.http.HttpServlet.service(HttpServlet.java:626)
	at org.springframework.web.servlet.FrameworkServlet.service(FrameworkServlet.java:883)
	at javax.servlet.http.HttpServlet.service(HttpServlet.java:733)
	at org.apache.catalina.core.ApplicationFilterChain.internalDoFilter(ApplicationFilterChain.java:231)
	at org.apache.catalina.core.ApplicationFilterChain.doFilter(ApplicationFilterChain.java:166)
	at org.apache.tomcat.websocket.server.WsFilter.doFilter(WsFilter.java:53)
	at org.apache.catalina.core.ApplicationFilterChain.internalDoFilter(ApplicationFilterChain.java:193)
	at org.apache.catalina.core.ApplicationFilterChain.doFilter(ApplicationFilterChain.java:166)
	at org.springframework.web.filter.RequestContextFilter.doFilterInternal(RequestContextFilter.java:100)
	at org.springframework.web.filter.OncePerRequestFilter.doFilter(OncePerRequestFilter.java:119)
	at org.apache.catalina.core.ApplicationFilterChain.internalDoFilter(ApplicationFilterChain.java:193)
	at org.apache.catalina.core.ApplicationFilterChain.doFilter(ApplicationFilterChain.java:166)
	at org.springframework.web.filter.FormContentFilter.doFilterInternal(FormContentFilter.java:93)
	at org.springframework.web.filter.OncePerRequestFilter.doFilter(OncePerRequestFilter.java:119)
	at org.apache.catalina.core.ApplicationFilterChain.internalDoFilter(ApplicationFilterChain.java:193)
	at org.apache.catalina.core.ApplicationFilterChain.doFilter(ApplicationFilterChain.java:166)
	at org.springframework.web.filter.HiddenHttpMethodFilter.doFilterInternal(HiddenHttpMethodFilter.java:94)
	at org.springframework.web.filter.OncePerRequestFilter.doFilter(OncePerRequestFilter.java:119)
	at org.apache.catalina.core.ApplicationFilterChain.internalDoFilter(ApplicationFilterChain.java:193)
	at org.apache.catalina.core.ApplicationFilterChain.doFilter(ApplicationFilterChain.java:166)
	at org.springframework.web.filter.CharacterEncodingFilter.doFilterInternal(CharacterEncodingFilter.java:201)
	at org.springframework.web.filter.OncePerRequestFilter.doFilter(OncePerRequestFilter.java:119)
	at org.apache.catalina.core.ApplicationFilterChain.internalDoFilter(ApplicationFilterChain.java:193)
	at org.apache.catalina.core.ApplicationFilterChain.doFilter(ApplicationFilterChain.java:166)
	at org.apache.catalina.core.StandardWrapperValve.invoke(StandardWrapperValve.java:202)
	at org.apache.catalina.core.StandardContextValve.invoke(StandardContextValve.java:96)
	at org.apache.catalina.authenticator.AuthenticatorBase.invoke(AuthenticatorBase.java:541)
	at org.apache.catalina.core.StandardHostValve.invoke(StandardHostValve.java:139)
	at org.apache.catalina.valves.ErrorReportValve.invoke(ErrorReportValve.java:92)
	at org.apache.catalina.core.StandardEngineValve.invoke(StandardEngineValve.java:74)
	at org.apache.catalina.connector.CoyoteAdapter.service(CoyoteAdapter.java:343)
	at org.apache.coyote.http11.Http11Processor.service(Http11Processor.java:373)
	at org.apache.coyote.AbstractProcessorLight.process(AbstractProcessorLight.java:65)
	at org.apache.coyote.AbstractProtocol$ConnectionHandler.process(AbstractProtocol.java:868)
	at org.apache.tomcat.util.net.NioEndpoint$SocketProcessor.doRun(NioEndpoint.java:1589)
	at org.apache.tomcat.util.net.SocketProcessorBase.run(SocketProcessorBase.java:49)
	at java.util.concurrent.ThreadPoolExecutor.runWorker(ThreadPoolExecutor.java:1149)
	at java.util.concurrent.ThreadPoolExecutor$Worker.run(ThreadPoolExecutor.java:624)
	at org.apache.tomcat.util.threads.TaskThread$WrappingRunnable.run(TaskThread.java:61)
	at java.lang.Thread.run(Thread.java:748)
2020-09-02 17:29:00.614 [ restartedMain ] - [ INFO  ] [ com.yetao.blog.BlogApplication : 50 ] - Starting BlogApplication on DESKTOP-774GIQL with PID 3780 (D:\Code\IdeaProjects\blog\target\classes started by yetao in D:\Code\IdeaProjects\blog)
2020-09-02 17:29:00.618 [ restartedMain ] - [ INFO  ] [ com.yetao.blog.BlogApplication : 648 ] - No active profile set, falling back to default profiles: default
2020-09-02 17:29:01.831 [ restartedMain ] - [ INFO  ] [ org.apache.coyote.http11.Http11NioProtocol : 173 ] - Initializing ProtocolHandler ["http-nio-8000"]
2020-09-02 17:29:01.843 [ restartedMain ] - [ INFO  ] [ org.apache.catalina.core.StandardService : 173 ] - Starting service [Tomcat]
2020-09-02 17:29:01.843 [ restartedMain ] - [ INFO  ] [ org.apache.catalina.core.StandardEngine : 173 ] - Starting Servlet engine: [Apache Tomcat/9.0.37]
2020-09-02 17:29:01.943 [ restartedMain ] - [ INFO  ] [ o.a.c.core.ContainerBase.[Tomcat].[localhost].[/] : 173 ] - Initializing Spring embedded WebApplicationContext
2020-09-02 17:29:02.958 [ restartedMain ] - [ INFO  ] [ org.apache.coyote.http11.Http11NioProtocol : 173 ] - Starting ProtocolHandler ["http-nio-8000"]
2020-09-02 17:29:02.978 [ restartedMain ] - [ INFO  ] [ com.yetao.blog.BlogApplication : 59 ] - Started BlogApplication in 2.717 seconds (JVM running for 3.41)
2020-09-02 17:29:06.391 [ http-nio-8000-exec-1 ] - [ INFO  ] [ o.a.c.core.ContainerBase.[Tomcat].[localhost].[/] : 173 ] - Initializing Spring DispatcherServlet 'dispatcherServlet'
2020-09-02 17:29:06.499 [ http-nio-8000-exec-1 ] - [ INFO  ] [ io.lettuce.core.EpollProvider : 68 ] - Starting without optional epoll library
2020-09-02 17:29:06.500 [ http-nio-8000-exec-1 ] - [ INFO  ] [ io.lettuce.core.KqueueProvider : 70 ] - Starting without optional kqueue library
2020-09-02 17:29:06.909 [ http-nio-8000-exec-1 ] - [ ERROR ] [ o.a.c.c.C.[.[localhost].[/].[dispatcherServlet] : 175 ] - Servlet.service() for servlet [dispatcherServlet] in context with path [] threw exception [Request processing failed; nested exception is org.springframework.http.converter.HttpMessageConversionException: Type definition error: [simple type, class sun.awt.windows.WFontPeer]; nested exception is com.fasterxml.jackson.databind.exc.InvalidDefinitionException: No serializer found for class sun.awt.windows.WFontPeer and no properties discovered to create BeanSerializer (to avoid exception, disable SerializationFeature.FAIL_ON_EMPTY_BEANS) (through reference chain: com.yetao.blog.utils.Result["data"]->java.util.HashMap["value"]->com.wf.captcha.SpecCaptcha["font"]->java.awt.Font["peer"])] with root cause
com.fasterxml.jackson.databind.exc.InvalidDefinitionException: No serializer found for class sun.awt.windows.WFontPeer and no properties discovered to create BeanSerializer (to avoid exception, disable SerializationFeature.FAIL_ON_EMPTY_BEANS) (through reference chain: com.yetao.blog.utils.Result["data"]->java.util.HashMap["value"]->com.wf.captcha.SpecCaptcha["font"]->java.awt.Font["peer"])
	at com.fasterxml.jackson.databind.exc.InvalidDefinitionException.from(InvalidDefinitionException.java:77)
	at com.fasterxml.jackson.databind.SerializerProvider.reportBadDefinition(SerializerProvider.java:1191)
	at com.fasterxml.jackson.databind.DatabindContext.reportBadDefinition(DatabindContext.java:313)
	at com.fasterxml.jackson.databind.ser.impl.UnknownSerializer.failForEmpty(UnknownSerializer.java:71)
	at com.fasterxml.jackson.databind.ser.impl.UnknownSerializer.serialize(UnknownSerializer.java:33)
	at com.fasterxml.jackson.databind.ser.BeanPropertyWriter.serializeAsField(BeanPropertyWriter.java:727)
	at com.fasterxml.jackson.databind.ser.std.BeanSerializerBase.serializeFields(BeanSerializerBase.java:719)
	at com.fasterxml.jackson.databind.ser.BeanSerializer.serialize(BeanSerializer.java:155)
	at com.fasterxml.jackson.databind.ser.BeanPropertyWriter.serializeAsField(BeanPropertyWriter.java:727)
	at com.fasterxml.jackson.databind.ser.std.BeanSerializerBase.serializeFields(BeanSerializerBase.java:719)
	at com.fasterxml.jackson.databind.ser.BeanSerializer.serialize(BeanSerializer.java:155)
	at com.fasterxml.jackson.databind.ser.std.MapSerializer.serializeFields(MapSerializer.java:722)
	at com.fasterxml.jackson.databind.ser.std.MapSerializer.serialize(MapSerializer.java:643)
	at com.fasterxml.jackson.databind.ser.std.MapSerializer.serialize(MapSerializer.java:33)
	at com.fasterxml.jackson.databind.ser.BeanPropertyWriter.serializeAsField(BeanPropertyWriter.java:727)
	at com.fasterxml.jackson.databind.ser.std.BeanSerializerBase.serializeFields(BeanSerializerBase.java:719)
	at com.fasterxml.jackson.databind.ser.BeanSerializer.serialize(BeanSerializer.java:155)
	at com.fasterxml.jackson.databind.ser.DefaultSerializerProvider._serialize(DefaultSerializerProvider.java:480)
	at com.fasterxml.jackson.databind.ser.DefaultSerializerProvider.serializeValue(DefaultSerializerProvider.java:319)
	at com.fasterxml.jackson.databind.ObjectWriter$Prefetch.serialize(ObjectWriter.java:1396)
	at com.fasterxml.jackson.databind.ObjectWriter.writeValue(ObjectWriter.java:913)
	at org.springframework.http.converter.json.AbstractJackson2HttpMessageConverter.writeInternal(AbstractJackson2HttpMessageConverter.java:334)
	at org.springframework.http.converter.AbstractGenericHttpMessageConverter.write(AbstractGenericHttpMessageConverter.java:103)
	at org.springframework.web.servlet.mvc.method.annotation.AbstractMessageConverterMethodProcessor.writeWithMessageConverters(AbstractMessageConverterMethodProcessor.java:291)
	at org.springframework.web.servlet.mvc.method.annotation.RequestResponseBodyMethodProcessor.handleReturnValue(RequestResponseBodyMethodProcessor.java:181)
	at org.springframework.web.method.support.HandlerMethodReturnValueHandlerComposite.handleReturnValue(HandlerMethodReturnValueHandlerComposite.java:82)
	at org.springframework.web.servlet.mvc.method.annotation.ServletInvocableHandlerMethod.invokeAndHandle(ServletInvocableHandlerMethod.java:123)
	at org.springframework.web.servlet.mvc.method.annotation.RequestMappingHandlerAdapter.invokeHandlerMethod(RequestMappingHandlerAdapter.java:892)
	at org.springframework.web.servlet.mvc.method.annotation.RequestMappingHandlerAdapter.handleInternal(RequestMappingHandlerAdapter.java:797)
	at org.springframework.web.servlet.mvc.method.AbstractHandlerMethodAdapter.handle(AbstractHandlerMethodAdapter.java:87)
	at org.springframework.web.servlet.DispatcherServlet.doDispatch(DispatcherServlet.java:1040)
	at org.springframework.web.servlet.DispatcherServlet.doService(DispatcherServlet.java:943)
	at org.springframework.web.servlet.FrameworkServlet.processRequest(FrameworkServlet.java:1006)
	at org.springframework.web.servlet.FrameworkServlet.doGet(FrameworkServlet.java:898)
	at javax.servlet.http.HttpServlet.service(HttpServlet.java:626)
	at org.springframework.web.servlet.FrameworkServlet.service(FrameworkServlet.java:883)
	at javax.servlet.http.HttpServlet.service(HttpServlet.java:733)
	at org.apache.catalina.core.ApplicationFilterChain.internalDoFilter(ApplicationFilterChain.java:231)
	at org.apache.catalina.core.ApplicationFilterChain.doFilter(ApplicationFilterChain.java:166)
	at org.apache.tomcat.websocket.server.WsFilter.doFilter(WsFilter.java:53)
	at org.apache.catalina.core.ApplicationFilterChain.internalDoFilter(ApplicationFilterChain.java:193)
	at org.apache.catalina.core.ApplicationFilterChain.doFilter(ApplicationFilterChain.java:166)
	at org.springframework.web.filter.RequestContextFilter.doFilterInternal(RequestContextFilter.java:100)
	at org.springframework.web.filter.OncePerRequestFilter.doFilter(OncePerRequestFilter.java:119)
	at org.apache.catalina.core.ApplicationFilterChain.internalDoFilter(ApplicationFilterChain.java:193)
	at org.apache.catalina.core.ApplicationFilterChain.doFilter(ApplicationFilterChain.java:166)
	at org.springframework.web.filter.FormContentFilter.doFilterInternal(FormContentFilter.java:93)
	at org.springframework.web.filter.OncePerRequestFilter.doFilter(OncePerRequestFilter.java:119)
	at org.apache.catalina.core.ApplicationFilterChain.internalDoFilter(ApplicationFilterChain.java:193)
	at org.apache.catalina.core.ApplicationFilterChain.doFilter(ApplicationFilterChain.java:166)
	at org.springframework.web.filter.HiddenHttpMethodFilter.doFilterInternal(HiddenHttpMethodFilter.java:94)
	at org.springframework.web.filter.OncePerRequestFilter.doFilter(OncePerRequestFilter.java:119)
	at org.apache.catalina.core.ApplicationFilterChain.internalDoFilter(ApplicationFilterChain.java:193)
	at org.apache.catalina.core.ApplicationFilterChain.doFilter(ApplicationFilterChain.java:166)
	at org.springframework.web.filter.CharacterEncodingFilter.doFilterInternal(CharacterEncodingFilter.java:201)
	at org.springframework.web.filter.OncePerRequestFilter.doFilter(OncePerRequestFilter.java:119)
	at org.apache.catalina.core.ApplicationFilterChain.internalDoFilter(ApplicationFilterChain.java:193)
	at org.apache.catalina.core.ApplicationFilterChain.doFilter(ApplicationFilterChain.java:166)
	at org.apache.catalina.core.StandardWrapperValve.invoke(StandardWrapperValve.java:202)
	at org.apache.catalina.core.StandardContextValve.invoke(StandardContextValve.java:96)
	at org.apache.catalina.authenticator.AuthenticatorBase.invoke(AuthenticatorBase.java:541)
	at org.apache.catalina.core.StandardHostValve.invoke(StandardHostValve.java:139)
	at org.apache.catalina.valves.ErrorReportValve.invoke(ErrorReportValve.java:92)
	at org.apache.catalina.core.StandardEngineValve.invoke(StandardEngineValve.java:74)
	at org.apache.catalina.connector.CoyoteAdapter.service(CoyoteAdapter.java:343)
	at org.apache.coyote.http11.Http11Processor.service(Http11Processor.java:373)
	at org.apache.coyote.AbstractProcessorLight.process(AbstractProcessorLight.java:65)
	at org.apache.coyote.AbstractProtocol$ConnectionHandler.process(AbstractProtocol.java:868)
	at org.apache.tomcat.util.net.NioEndpoint$SocketProcessor.doRun(NioEndpoint.java:1589)
	at org.apache.tomcat.util.net.SocketProcessorBase.run(SocketProcessorBase.java:49)
	at java.util.concurrent.ThreadPoolExecutor.runWorker(ThreadPoolExecutor.java:1149)
	at java.util.concurrent.ThreadPoolExecutor$Worker.run(ThreadPoolExecutor.java:624)
	at org.apache.tomcat.util.threads.TaskThread$WrappingRunnable.run(TaskThread.java:61)
	at java.lang.Thread.run(Thread.java:748)
2020-09-02 17:32:14.903 [ restartedMain ] - [ INFO  ] [ com.yetao.blog.BlogApplication : 50 ] - Starting BlogApplication on DESKTOP-774GIQL with PID 13572 (D:\Code\IdeaProjects\blog\target\classes started by yetao in D:\Code\IdeaProjects\blog)
2020-09-02 17:32:14.905 [ restartedMain ] - [ INFO  ] [ com.yetao.blog.BlogApplication : 648 ] - No active profile set, falling back to default profiles: default
2020-09-02 17:32:16.149 [ restartedMain ] - [ INFO  ] [ org.apache.coyote.http11.Http11NioProtocol : 173 ] - Initializing ProtocolHandler ["http-nio-8000"]
2020-09-02 17:32:16.158 [ restartedMain ] - [ INFO  ] [ org.apache.catalina.core.StandardService : 173 ] - Starting service [Tomcat]
2020-09-02 17:32:16.159 [ restartedMain ] - [ INFO  ] [ org.apache.catalina.core.StandardEngine : 173 ] - Starting Servlet engine: [Apache Tomcat/9.0.37]
2020-09-02 17:32:16.252 [ restartedMain ] - [ INFO  ] [ o.a.c.core.ContainerBase.[Tomcat].[localhost].[/] : 173 ] - Initializing Spring embedded WebApplicationContext
2020-09-02 17:32:17.291 [ restartedMain ] - [ INFO  ] [ org.apache.coyote.http11.Http11NioProtocol : 173 ] - Starting ProtocolHandler ["http-nio-8000"]
2020-09-02 17:32:17.310 [ restartedMain ] - [ INFO  ] [ com.yetao.blog.BlogApplication : 59 ] - Started BlogApplication in 2.772 seconds (JVM running for 3.49)
2020-09-02 17:32:19.718 [ http-nio-8000-exec-1 ] - [ INFO  ] [ o.a.c.core.ContainerBase.[Tomcat].[localhost].[/] : 173 ] - Initializing Spring DispatcherServlet 'dispatcherServlet'
2020-09-02 17:32:19.832 [ http-nio-8000-exec-1 ] - [ INFO  ] [ io.lettuce.core.EpollProvider : 68 ] - Starting without optional epoll library
2020-09-02 17:32:19.833 [ http-nio-8000-exec-1 ] - [ INFO  ] [ io.lettuce.core.KqueueProvider : 70 ] - Starting without optional kqueue library
2020-09-02 17:35:02.132 [ restartedMain ] - [ INFO  ] [ com.yetao.blog.BlogApplication : 50 ] - Starting BlogApplication on DESKTOP-774GIQL with PID 8756 (D:\Code\IdeaProjects\blog\target\classes started by yetao in D:\Code\IdeaProjects\blog)
2020-09-02 17:35:02.136 [ restartedMain ] - [ INFO  ] [ com.yetao.blog.BlogApplication : 648 ] - No active profile set, falling back to default profiles: default
2020-09-02 17:35:03.711 [ restartedMain ] - [ INFO  ] [ org.apache.coyote.http11.Http11NioProtocol : 173 ] - Initializing ProtocolHandler ["http-nio-8000"]
2020-09-02 17:35:03.727 [ restartedMain ] - [ INFO  ] [ org.apache.catalina.core.StandardService : 173 ] - Starting service [Tomcat]
2020-09-02 17:35:03.727 [ restartedMain ] - [ INFO  ] [ org.apache.catalina.core.StandardEngine : 173 ] - Starting Servlet engine: [Apache Tomcat/9.0.37]
2020-09-02 17:35:03.843 [ restartedMain ] - [ INFO  ] [ o.a.c.core.ContainerBase.[Tomcat].[localhost].[/] : 173 ] - Initializing Spring embedded WebApplicationContext
2020-09-02 17:35:04.916 [ restartedMain ] - [ INFO  ] [ org.apache.coyote.http11.Http11NioProtocol : 173 ] - Starting ProtocolHandler ["http-nio-8000"]
2020-09-02 17:35:04.935 [ restartedMain ] - [ INFO  ] [ com.yetao.blog.BlogApplication : 59 ] - Started BlogApplication in 3.162 seconds (JVM running for 3.839)
2020-09-02 17:35:07.773 [ http-nio-8000-exec-1 ] - [ INFO  ] [ o.a.c.core.ContainerBase.[Tomcat].[localhost].[/] : 173 ] - Initializing Spring DispatcherServlet 'dispatcherServlet'
2020-09-02 17:35:07.893 [ http-nio-8000-exec-1 ] - [ INFO  ] [ io.lettuce.core.EpollProvider : 68 ] - Starting without optional epoll library
2020-09-02 17:35:07.895 [ http-nio-8000-exec-1 ] - [ INFO  ] [ io.lettuce.core.KqueueProvider : 70 ] - Starting without optional kqueue library
2020-09-02 17:37:08.222 [ http-nio-8000-exec-3 ] - [ INFO  ] [ com.zaxxer.hikari.HikariDataSource : 110 ] - HikariPool-1 - Starting...
2020-09-02 17:37:08.420 [ http-nio-8000-exec-3 ] - [ INFO  ] [ com.zaxxer.hikari.HikariDataSource : 123 ] - HikariPool-1 - Start completed.
2020-09-02 17:37:54.400 [ restartedMain ] - [ INFO  ] [ com.yetao.blog.BlogApplication : 50 ] - Starting BlogApplication on DESKTOP-774GIQL with PID 17992 (D:\Code\IdeaProjects\blog\target\classes started by yetao in D:\Code\IdeaProjects\blog)
2020-09-02 17:37:54.404 [ restartedMain ] - [ INFO  ] [ com.yetao.blog.BlogApplication : 648 ] - No active profile set, falling back to default profiles: default
2020-09-02 17:37:55.700 [ restartedMain ] - [ INFO  ] [ org.apache.coyote.http11.Http11NioProtocol : 173 ] - Initializing ProtocolHandler ["http-nio-8000"]
2020-09-02 17:37:55.708 [ restartedMain ] - [ INFO  ] [ org.apache.catalina.core.StandardService : 173 ] - Starting service [Tomcat]
2020-09-02 17:37:55.709 [ restartedMain ] - [ INFO  ] [ org.apache.catalina.core.StandardEngine : 173 ] - Starting Servlet engine: [Apache Tomcat/9.0.37]
2020-09-02 17:37:55.797 [ restartedMain ] - [ INFO  ] [ o.a.c.core.ContainerBase.[Tomcat].[localhost].[/] : 173 ] - Initializing Spring embedded WebApplicationContext
2020-09-02 17:37:56.846 [ restartedMain ] - [ INFO  ] [ org.apache.coyote.http11.Http11NioProtocol : 173 ] - Starting ProtocolHandler ["http-nio-8000"]
2020-09-02 17:37:56.865 [ restartedMain ] - [ INFO  ] [ com.yetao.blog.BlogApplication : 59 ] - Started BlogApplication in 2.819 seconds (JVM running for 3.511)
2020-09-02 17:38:05.124 [ http-nio-8000-exec-1 ] - [ INFO  ] [ o.a.c.core.ContainerBase.[Tomcat].[localhost].[/] : 173 ] - Initializing Spring DispatcherServlet 'dispatcherServlet'
2020-09-02 17:38:05.253 [ http-nio-8000-exec-1 ] - [ INFO  ] [ io.lettuce.core.EpollProvider : 68 ] - Starting without optional epoll library
2020-09-02 17:38:05.254 [ http-nio-8000-exec-1 ] - [ INFO  ] [ io.lettuce.core.KqueueProvider : 70 ] - Starting without optional kqueue library
2020-09-02 17:38:36.454 [ http-nio-8000-exec-6 ] - [ INFO  ] [ com.zaxxer.hikari.HikariDataSource : 110 ] - HikariPool-1 - Starting...
2020-09-02 17:38:36.551 [ http-nio-8000-exec-6 ] - [ INFO  ] [ com.zaxxer.hikari.HikariDataSource : 123 ] - HikariPool-1 - Start completed.
2020-09-02 18:02:46.387 [ http-nio-8000-exec-5 ] - [ ERROR ] [ o.a.c.c.C.[.[localhost].[/].[dispatcherServlet] : 175 ] - Servlet.service() for servlet [dispatcherServlet] in context with path [] threw exception [Request processing failed; nested exception is org.springframework.jdbc.BadSqlGrammarException: 
### Error updating database.  Cause: java.sql.SQLSyntaxErrorException: You have an error in your SQL syntax; check the manual that corresponds to your MySQL server version for the right syntax to use near 'WHERE id=null' at line 1
### The error may exist in com/yetao/blog/mapper/AdminUserMapper.java (best guess)
### The error may involve com.yetao.blog.mapper.AdminUserMapper.updateById-Inline
### The error occurred while setting parameters
### SQL: UPDATE tb_admin    WHERE id=?
### Cause: java.sql.SQLSyntaxErrorException: You have an error in your SQL syntax; check the manual that corresponds to your MySQL server version for the right syntax to use near 'WHERE id=null' at line 1
; bad SQL grammar []; nested exception is java.sql.SQLSyntaxErrorException: You have an error in your SQL syntax; check the manual that corresponds to your MySQL server version for the right syntax to use near 'WHERE id=null' at line 1] with root cause
java.sql.SQLSyntaxErrorException: You have an error in your SQL syntax; check the manual that corresponds to your MySQL server version for the right syntax to use near 'WHERE id=null' at line 1
	at com.mysql.cj.jdbc.exceptions.SQLError.createSQLException(SQLError.java:120)
	at com.mysql.cj.jdbc.exceptions.SQLError.createSQLException(SQLError.java:97)
	at com.mysql.cj.jdbc.exceptions.SQLExceptionsMapping.translateException(SQLExceptionsMapping.java:122)
	at com.mysql.cj.jdbc.ClientPreparedStatement.executeInternal(ClientPreparedStatement.java:953)
	at com.mysql.cj.jdbc.ClientPreparedStatement.execute(ClientPreparedStatement.java:370)
	at com.zaxxer.hikari.pool.ProxyPreparedStatement.execute(ProxyPreparedStatement.java:44)
	at com.zaxxer.hikari.pool.HikariProxyPreparedStatement.execute(HikariProxyPreparedStatement.java)
	at sun.reflect.NativeMethodAccessorImpl.invoke0(Native Method)
	at sun.reflect.NativeMethodAccessorImpl.invoke(NativeMethodAccessorImpl.java:62)
	at sun.reflect.DelegatingMethodAccessorImpl.invoke(DelegatingMethodAccessorImpl.java:43)
	at java.lang.reflect.Method.invoke(Method.java:498)
	at org.apache.ibatis.logging.jdbc.PreparedStatementLogger.invoke(PreparedStatementLogger.java:59)
	at com.sun.proxy.$Proxy95.execute(Unknown Source)
	at org.apache.ibatis.executor.statement.PreparedStatementHandler.update(PreparedStatementHandler.java:47)
	at org.apache.ibatis.executor.statement.RoutingStatementHandler.update(RoutingStatementHandler.java:74)
	at com.baomidou.mybatisplus.core.executor.MybatisSimpleExecutor.doUpdate(MybatisSimpleExecutor.java:56)
	at org.apache.ibatis.executor.BaseExecutor.update(BaseExecutor.java:117)
	at com.baomidou.mybatisplus.core.executor.MybatisCachingExecutor.update(MybatisCachingExecutor.java:85)
	at org.apache.ibatis.session.defaults.DefaultSqlSession.update(DefaultSqlSession.java:197)
	at sun.reflect.NativeMethodAccessorImpl.invoke0(Native Method)
	at sun.reflect.NativeMethodAccessorImpl.invoke(NativeMethodAccessorImpl.java:62)
	at sun.reflect.DelegatingMethodAccessorImpl.invoke(DelegatingMethodAccessorImpl.java:43)
	at java.lang.reflect.Method.invoke(Method.java:498)
	at org.mybatis.spring.SqlSessionTemplate$SqlSessionInterceptor.invoke(SqlSessionTemplate.java:426)
	at com.sun.proxy.$Proxy69.update(Unknown Source)
	at org.mybatis.spring.SqlSessionTemplate.update(SqlSessionTemplate.java:287)
	at com.baomidou.mybatisplus.core.override.MybatisMapperMethod.execute(MybatisMapperMethod.java:65)
	at com.baomidou.mybatisplus.core.override.MybatisMapperProxy$PlainMethodInvoker.invoke(MybatisMapperProxy.java:148)
	at com.baomidou.mybatisplus.core.override.MybatisMapperProxy.invoke(MybatisMapperProxy.java:89)
	at com.sun.proxy.$Proxy70.updateById(Unknown Source)
	at com.yetao.blog.service.impl.AdminUserServiceImpl.updateAdminById(AdminUserServiceImpl.java:84)
	at com.yetao.blog.controller.AdminUserController.updateAdminById(AdminUserController.java:63)
	at sun.reflect.NativeMethodAccessorImpl.invoke0(Native Method)
	at sun.reflect.NativeMethodAccessorImpl.invoke(NativeMethodAccessorImpl.java:62)
	at sun.reflect.DelegatingMethodAccessorImpl.invoke(DelegatingMethodAccessorImpl.java:43)
	at java.lang.reflect.Method.invoke(Method.java:498)
	at org.springframework.web.method.support.InvocableHandlerMethod.doInvoke(InvocableHandlerMethod.java:190)
	at org.springframework.web.method.support.InvocableHandlerMethod.invokeForRequest(InvocableHandlerMethod.java:138)
	at org.springframework.web.servlet.mvc.method.annotation.ServletInvocableHandlerMethod.invokeAndHandle(ServletInvocableHandlerMethod.java:105)
	at org.springframework.web.servlet.mvc.method.annotation.RequestMappingHandlerAdapter.invokeHandlerMethod(RequestMappingHandlerAdapter.java:892)
	at org.springframework.web.servlet.mvc.method.annotation.RequestMappingHandlerAdapter.handleInternal(RequestMappingHandlerAdapter.java:797)
	at org.springframework.web.servlet.mvc.method.AbstractHandlerMethodAdapter.handle(AbstractHandlerMethodAdapter.java:87)
	at org.springframework.web.servlet.DispatcherServlet.doDispatch(DispatcherServlet.java:1040)
	at org.springframework.web.servlet.DispatcherServlet.doService(DispatcherServlet.java:943)
	at org.springframework.web.servlet.FrameworkServlet.processRequest(FrameworkServlet.java:1006)
	at org.springframework.web.servlet.FrameworkServlet.doPut(FrameworkServlet.java:920)
	at javax.servlet.http.HttpServlet.service(HttpServlet.java:655)
	at org.springframework.web.servlet.FrameworkServlet.service(FrameworkServlet.java:883)
	at javax.servlet.http.HttpServlet.service(HttpServlet.java:733)
	at org.apache.catalina.core.ApplicationFilterChain.internalDoFilter(ApplicationFilterChain.java:231)
	at org.apache.catalina.core.ApplicationFilterChain.doFilter(ApplicationFilterChain.java:166)
	at org.apache.tomcat.websocket.server.WsFilter.doFilter(WsFilter.java:53)
	at org.apache.catalina.core.ApplicationFilterChain.internalDoFilter(ApplicationFilterChain.java:193)
	at org.apache.catalina.core.ApplicationFilterChain.doFilter(ApplicationFilterChain.java:166)
	at org.springframework.web.filter.RequestContextFilter.doFilterInternal(RequestContextFilter.java:100)
	at org.springframework.web.filter.OncePerRequestFilter.doFilter(OncePerRequestFilter.java:119)
	at org.apache.catalina.core.ApplicationFilterChain.internalDoFilter(ApplicationFilterChain.java:193)
	at org.apache.catalina.core.ApplicationFilterChain.doFilter(ApplicationFilterChain.java:166)
	at org.springframework.web.filter.FormContentFilter.doFilterInternal(FormContentFilter.java:93)
	at org.springframework.web.filter.OncePerRequestFilter.doFilter(OncePerRequestFilter.java:119)
	at org.apache.catalina.core.ApplicationFilterChain.internalDoFilter(ApplicationFilterChain.java:193)
	at org.apache.catalina.core.ApplicationFilterChain.doFilter(ApplicationFilterChain.java:166)
	at org.springframework.web.filter.HiddenHttpMethodFilter.doFilterInternal(HiddenHttpMethodFilter.java:94)
	at org.springframework.web.filter.OncePerRequestFilter.doFilter(OncePerRequestFilter.java:119)
	at org.apache.catalina.core.ApplicationFilterChain.internalDoFilter(ApplicationFilterChain.java:193)
	at org.apache.catalina.core.ApplicationFilterChain.doFilter(ApplicationFilterChain.java:166)
	at org.springframework.web.filter.CharacterEncodingFilter.doFilterInternal(CharacterEncodingFilter.java:201)
	at org.springframework.web.filter.OncePerRequestFilter.doFilter(OncePerRequestFilter.java:119)
	at org.apache.catalina.core.ApplicationFilterChain.internalDoFilter(ApplicationFilterChain.java:193)
	at org.apache.catalina.core.ApplicationFilterChain.doFilter(ApplicationFilterChain.java:166)
	at org.apache.catalina.core.StandardWrapperValve.invoke(StandardWrapperValve.java:202)
	at org.apache.catalina.core.StandardContextValve.invoke(StandardContextValve.java:96)
	at org.apache.catalina.authenticator.AuthenticatorBase.invoke(AuthenticatorBase.java:541)
	at org.apache.catalina.core.StandardHostValve.invoke(StandardHostValve.java:139)
	at org.apache.catalina.valves.ErrorReportValve.invoke(ErrorReportValve.java:92)
	at org.apache.catalina.core.StandardEngineValve.invoke(StandardEngineValve.java:74)
	at org.apache.catalina.connector.CoyoteAdapter.service(CoyoteAdapter.java:343)
	at org.apache.coyote.http11.Http11Processor.service(Http11Processor.java:373)
	at org.apache.coyote.AbstractProcessorLight.process(AbstractProcessorLight.java:65)
	at org.apache.coyote.AbstractProtocol$ConnectionHandler.process(AbstractProtocol.java:868)
	at org.apache.tomcat.util.net.NioEndpoint$SocketProcessor.doRun(NioEndpoint.java:1589)
	at org.apache.tomcat.util.net.SocketProcessorBase.run(SocketProcessorBase.java:49)
	at java.util.concurrent.ThreadPoolExecutor.runWorker(ThreadPoolExecutor.java:1149)
	at java.util.concurrent.ThreadPoolExecutor$Worker.run(ThreadPoolExecutor.java:624)
	at org.apache.tomcat.util.threads.TaskThread$WrappingRunnable.run(TaskThread.java:61)
	at java.lang.Thread.run(Thread.java:748)
2020-09-02 18:03:16.540 [ http-nio-8000-exec-9 ] - [ ERROR ] [ o.a.c.c.C.[.[localhost].[/].[dispatcherServlet] : 175 ] - Servlet.service() for servlet [dispatcherServlet] in context with path [] threw exception [Request processing failed; nested exception is org.springframework.jdbc.BadSqlGrammarException: 
### Error updating database.  Cause: java.sql.SQLSyntaxErrorException: You have an error in your SQL syntax; check the manual that corresponds to your MySQL server version for the right syntax to use near 'WHERE id=null' at line 1
### The error may exist in com/yetao/blog/mapper/AdminUserMapper.java (best guess)
### The error may involve com.yetao.blog.mapper.AdminUserMapper.updateById-Inline
### The error occurred while setting parameters
### SQL: UPDATE tb_admin    WHERE id=?
### Cause: java.sql.SQLSyntaxErrorException: You have an error in your SQL syntax; check the manual that corresponds to your MySQL server version for the right syntax to use near 'WHERE id=null' at line 1
; bad SQL grammar []; nested exception is java.sql.SQLSyntaxErrorException: You have an error in your SQL syntax; check the manual that corresponds to your MySQL server version for the right syntax to use near 'WHERE id=null' at line 1] with root cause
java.sql.SQLSyntaxErrorException: You have an error in your SQL syntax; check the manual that corresponds to your MySQL server version for the right syntax to use near 'WHERE id=null' at line 1
	at com.mysql.cj.jdbc.exceptions.SQLError.createSQLException(SQLError.java:120)
	at com.mysql.cj.jdbc.exceptions.SQLError.createSQLException(SQLError.java:97)
	at com.mysql.cj.jdbc.exceptions.SQLExceptionsMapping.translateException(SQLExceptionsMapping.java:122)
	at com.mysql.cj.jdbc.ClientPreparedStatement.executeInternal(ClientPreparedStatement.java:953)
	at com.mysql.cj.jdbc.ClientPreparedStatement.execute(ClientPreparedStatement.java:370)
	at com.zaxxer.hikari.pool.ProxyPreparedStatement.execute(ProxyPreparedStatement.java:44)
	at com.zaxxer.hikari.pool.HikariProxyPreparedStatement.execute(HikariProxyPreparedStatement.java)
	at sun.reflect.NativeMethodAccessorImpl.invoke0(Native Method)
	at sun.reflect.NativeMethodAccessorImpl.invoke(NativeMethodAccessorImpl.java:62)
	at sun.reflect.DelegatingMethodAccessorImpl.invoke(DelegatingMethodAccessorImpl.java:43)
	at java.lang.reflect.Method.invoke(Method.java:498)
	at org.apache.ibatis.logging.jdbc.PreparedStatementLogger.invoke(PreparedStatementLogger.java:59)
	at com.sun.proxy.$Proxy95.execute(Unknown Source)
	at org.apache.ibatis.executor.statement.PreparedStatementHandler.update(PreparedStatementHandler.java:47)
	at org.apache.ibatis.executor.statement.RoutingStatementHandler.update(RoutingStatementHandler.java:74)
	at com.baomidou.mybatisplus.core.executor.MybatisSimpleExecutor.doUpdate(MybatisSimpleExecutor.java:56)
	at org.apache.ibatis.executor.BaseExecutor.update(BaseExecutor.java:117)
	at com.baomidou.mybatisplus.core.executor.MybatisCachingExecutor.update(MybatisCachingExecutor.java:85)
	at org.apache.ibatis.session.defaults.DefaultSqlSession.update(DefaultSqlSession.java:197)
	at sun.reflect.NativeMethodAccessorImpl.invoke0(Native Method)
	at sun.reflect.NativeMethodAccessorImpl.invoke(NativeMethodAccessorImpl.java:62)
	at sun.reflect.DelegatingMethodAccessorImpl.invoke(DelegatingMethodAccessorImpl.java:43)
	at java.lang.reflect.Method.invoke(Method.java:498)
	at org.mybatis.spring.SqlSessionTemplate$SqlSessionInterceptor.invoke(SqlSessionTemplate.java:426)
	at com.sun.proxy.$Proxy69.update(Unknown Source)
	at org.mybatis.spring.SqlSessionTemplate.update(SqlSessionTemplate.java:287)
	at com.baomidou.mybatisplus.core.override.MybatisMapperMethod.execute(MybatisMapperMethod.java:65)
	at com.baomidou.mybatisplus.core.override.MybatisMapperProxy$PlainMethodInvoker.invoke(MybatisMapperProxy.java:148)
	at com.baomidou.mybatisplus.core.override.MybatisMapperProxy.invoke(MybatisMapperProxy.java:89)
	at com.sun.proxy.$Proxy70.updateById(Unknown Source)
	at com.yetao.blog.service.impl.AdminUserServiceImpl.updateAdminById(AdminUserServiceImpl.java:84)
	at com.yetao.blog.controller.AdminUserController.updateAdminById(AdminUserController.java:63)
	at sun.reflect.NativeMethodAccessorImpl.invoke0(Native Method)
	at sun.reflect.NativeMethodAccessorImpl.invoke(NativeMethodAccessorImpl.java:62)
	at sun.reflect.DelegatingMethodAccessorImpl.invoke(DelegatingMethodAccessorImpl.java:43)
	at java.lang.reflect.Method.invoke(Method.java:498)
	at org.springframework.web.method.support.InvocableHandlerMethod.doInvoke(InvocableHandlerMethod.java:190)
	at org.springframework.web.method.support.InvocableHandlerMethod.invokeForRequest(InvocableHandlerMethod.java:138)
	at org.springframework.web.servlet.mvc.method.annotation.ServletInvocableHandlerMethod.invokeAndHandle(ServletInvocableHandlerMethod.java:105)
	at org.springframework.web.servlet.mvc.method.annotation.RequestMappingHandlerAdapter.invokeHandlerMethod(RequestMappingHandlerAdapter.java:892)
	at org.springframework.web.servlet.mvc.method.annotation.RequestMappingHandlerAdapter.handleInternal(RequestMappingHandlerAdapter.java:797)
	at org.springframework.web.servlet.mvc.method.AbstractHandlerMethodAdapter.handle(AbstractHandlerMethodAdapter.java:87)
	at org.springframework.web.servlet.DispatcherServlet.doDispatch(DispatcherServlet.java:1040)
	at org.springframework.web.servlet.DispatcherServlet.doService(DispatcherServlet.java:943)
	at org.springframework.web.servlet.FrameworkServlet.processRequest(FrameworkServlet.java:1006)
	at org.springframework.web.servlet.FrameworkServlet.doPut(FrameworkServlet.java:920)
	at javax.servlet.http.HttpServlet.service(HttpServlet.java:655)
	at org.springframework.web.servlet.FrameworkServlet.service(FrameworkServlet.java:883)
	at javax.servlet.http.HttpServlet.service(HttpServlet.java:733)
	at org.apache.catalina.core.ApplicationFilterChain.internalDoFilter(ApplicationFilterChain.java:231)
	at org.apache.catalina.core.ApplicationFilterChain.doFilter(ApplicationFilterChain.java:166)
	at org.apache.tomcat.websocket.server.WsFilter.doFilter(WsFilter.java:53)
	at org.apache.catalina.core.ApplicationFilterChain.internalDoFilter(ApplicationFilterChain.java:193)
	at org.apache.catalina.core.ApplicationFilterChain.doFilter(ApplicationFilterChain.java:166)
	at org.springframework.web.filter.RequestContextFilter.doFilterInternal(RequestContextFilter.java:100)
	at org.springframework.web.filter.OncePerRequestFilter.doFilter(OncePerRequestFilter.java:119)
	at org.apache.catalina.core.ApplicationFilterChain.internalDoFilter(ApplicationFilterChain.java:193)
	at org.apache.catalina.core.ApplicationFilterChain.doFilter(ApplicationFilterChain.java:166)
	at org.springframework.web.filter.FormContentFilter.doFilterInternal(FormContentFilter.java:93)
	at org.springframework.web.filter.OncePerRequestFilter.doFilter(OncePerRequestFilter.java:119)
	at org.apache.catalina.core.ApplicationFilterChain.internalDoFilter(ApplicationFilterChain.java:193)
	at org.apache.catalina.core.ApplicationFilterChain.doFilter(ApplicationFilterChain.java:166)
	at org.springframework.web.filter.HiddenHttpMethodFilter.doFilterInternal(HiddenHttpMethodFilter.java:94)
	at org.springframework.web.filter.OncePerRequestFilter.doFilter(OncePerRequestFilter.java:119)
	at org.apache.catalina.core.ApplicationFilterChain.internalDoFilter(ApplicationFilterChain.java:193)
	at org.apache.catalina.core.ApplicationFilterChain.doFilter(ApplicationFilterChain.java:166)
	at org.springframework.web.filter.CharacterEncodingFilter.doFilterInternal(CharacterEncodingFilter.java:201)
	at org.springframework.web.filter.OncePerRequestFilter.doFilter(OncePerRequestFilter.java:119)
	at org.apache.catalina.core.ApplicationFilterChain.internalDoFilter(ApplicationFilterChain.java:193)
	at org.apache.catalina.core.ApplicationFilterChain.doFilter(ApplicationFilterChain.java:166)
	at org.apache.catalina.core.StandardWrapperValve.invoke(StandardWrapperValve.java:202)
	at org.apache.catalina.core.StandardContextValve.invoke(StandardContextValve.java:96)
	at org.apache.catalina.authenticator.AuthenticatorBase.invoke(AuthenticatorBase.java:541)
	at org.apache.catalina.core.StandardHostValve.invoke(StandardHostValve.java:139)
	at org.apache.catalina.valves.ErrorReportValve.invoke(ErrorReportValve.java:92)
	at org.apache.catalina.core.StandardEngineValve.invoke(StandardEngineValve.java:74)
	at org.apache.catalina.connector.CoyoteAdapter.service(CoyoteAdapter.java:343)
	at org.apache.coyote.http11.Http11Processor.service(Http11Processor.java:373)
	at org.apache.coyote.AbstractProcessorLight.process(AbstractProcessorLight.java:65)
	at org.apache.coyote.AbstractProtocol$ConnectionHandler.process(AbstractProtocol.java:868)
	at org.apache.tomcat.util.net.NioEndpoint$SocketProcessor.doRun(NioEndpoint.java:1589)
	at org.apache.tomcat.util.net.SocketProcessorBase.run(SocketProcessorBase.java:49)
	at java.util.concurrent.ThreadPoolExecutor.runWorker(ThreadPoolExecutor.java:1149)
	at java.util.concurrent.ThreadPoolExecutor$Worker.run(ThreadPoolExecutor.java:624)
	at org.apache.tomcat.util.threads.TaskThread$WrappingRunnable.run(TaskThread.java:61)
	at java.lang.Thread.run(Thread.java:748)
2020-09-02 18:03:19.486 [ http-nio-8000-exec-10 ] - [ ERROR ] [ o.a.c.c.C.[.[localhost].[/].[dispatcherServlet] : 175 ] - Servlet.service() for servlet [dispatcherServlet] in context with path [] threw exception [Request processing failed; nested exception is org.springframework.jdbc.BadSqlGrammarException: 
### Error updating database.  Cause: java.sql.SQLSyntaxErrorException: You have an error in your SQL syntax; check the manual that corresponds to your MySQL server version for the right syntax to use near 'WHERE id=null' at line 1
### The error may exist in com/yetao/blog/mapper/AdminUserMapper.java (best guess)
### The error may involve com.yetao.blog.mapper.AdminUserMapper.updateById-Inline
### The error occurred while setting parameters
### SQL: UPDATE tb_admin    WHERE id=?
### Cause: java.sql.SQLSyntaxErrorException: You have an error in your SQL syntax; check the manual that corresponds to your MySQL server version for the right syntax to use near 'WHERE id=null' at line 1
; bad SQL grammar []; nested exception is java.sql.SQLSyntaxErrorException: You have an error in your SQL syntax; check the manual that corresponds to your MySQL server version for the right syntax to use near 'WHERE id=null' at line 1] with root cause
java.sql.SQLSyntaxErrorException: You have an error in your SQL syntax; check the manual that corresponds to your MySQL server version for the right syntax to use near 'WHERE id=null' at line 1
	at com.mysql.cj.jdbc.exceptions.SQLError.createSQLException(SQLError.java:120)
	at com.mysql.cj.jdbc.exceptions.SQLError.createSQLException(SQLError.java:97)
	at com.mysql.cj.jdbc.exceptions.SQLExceptionsMapping.translateException(SQLExceptionsMapping.java:122)
	at com.mysql.cj.jdbc.ClientPreparedStatement.executeInternal(ClientPreparedStatement.java:953)
	at com.mysql.cj.jdbc.ClientPreparedStatement.execute(ClientPreparedStatement.java:370)
	at com.zaxxer.hikari.pool.ProxyPreparedStatement.execute(ProxyPreparedStatement.java:44)
	at com.zaxxer.hikari.pool.HikariProxyPreparedStatement.execute(HikariProxyPreparedStatement.java)
	at sun.reflect.NativeMethodAccessorImpl.invoke0(Native Method)
	at sun.reflect.NativeMethodAccessorImpl.invoke(NativeMethodAccessorImpl.java:62)
	at sun.reflect.DelegatingMethodAccessorImpl.invoke(DelegatingMethodAccessorImpl.java:43)
	at java.lang.reflect.Method.invoke(Method.java:498)
	at org.apache.ibatis.logging.jdbc.PreparedStatementLogger.invoke(PreparedStatementLogger.java:59)
	at com.sun.proxy.$Proxy95.execute(Unknown Source)
	at org.apache.ibatis.executor.statement.PreparedStatementHandler.update(PreparedStatementHandler.java:47)
	at org.apache.ibatis.executor.statement.RoutingStatementHandler.update(RoutingStatementHandler.java:74)
	at com.baomidou.mybatisplus.core.executor.MybatisSimpleExecutor.doUpdate(MybatisSimpleExecutor.java:56)
	at org.apache.ibatis.executor.BaseExecutor.update(BaseExecutor.java:117)
	at com.baomidou.mybatisplus.core.executor.MybatisCachingExecutor.update(MybatisCachingExecutor.java:85)
	at org.apache.ibatis.session.defaults.DefaultSqlSession.update(DefaultSqlSession.java:197)
	at sun.reflect.NativeMethodAccessorImpl.invoke0(Native Method)
	at sun.reflect.NativeMethodAccessorImpl.invoke(NativeMethodAccessorImpl.java:62)
	at sun.reflect.DelegatingMethodAccessorImpl.invoke(DelegatingMethodAccessorImpl.java:43)
	at java.lang.reflect.Method.invoke(Method.java:498)
	at org.mybatis.spring.SqlSessionTemplate$SqlSessionInterceptor.invoke(SqlSessionTemplate.java:426)
	at com.sun.proxy.$Proxy69.update(Unknown Source)
	at org.mybatis.spring.SqlSessionTemplate.update(SqlSessionTemplate.java:287)
	at com.baomidou.mybatisplus.core.override.MybatisMapperMethod.execute(MybatisMapperMethod.java:65)
	at com.baomidou.mybatisplus.core.override.MybatisMapperProxy$PlainMethodInvoker.invoke(MybatisMapperProxy.java:148)
	at com.baomidou.mybatisplus.core.override.MybatisMapperProxy.invoke(MybatisMapperProxy.java:89)
	at com.sun.proxy.$Proxy70.updateById(Unknown Source)
	at com.yetao.blog.service.impl.AdminUserServiceImpl.updateAdminById(AdminUserServiceImpl.java:84)
	at com.yetao.blog.controller.AdminUserController.updateAdminById(AdminUserController.java:63)
	at sun.reflect.NativeMethodAccessorImpl.invoke0(Native Method)
	at sun.reflect.NativeMethodAccessorImpl.invoke(NativeMethodAccessorImpl.java:62)
	at sun.reflect.DelegatingMethodAccessorImpl.invoke(DelegatingMethodAccessorImpl.java:43)
	at java.lang.reflect.Method.invoke(Method.java:498)
	at org.springframework.web.method.support.InvocableHandlerMethod.doInvoke(InvocableHandlerMethod.java:190)
	at org.springframework.web.method.support.InvocableHandlerMethod.invokeForRequest(InvocableHandlerMethod.java:138)
	at org.springframework.web.servlet.mvc.method.annotation.ServletInvocableHandlerMethod.invokeAndHandle(ServletInvocableHandlerMethod.java:105)
	at org.springframework.web.servlet.mvc.method.annotation.RequestMappingHandlerAdapter.invokeHandlerMethod(RequestMappingHandlerAdapter.java:892)
	at org.springframework.web.servlet.mvc.method.annotation.RequestMappingHandlerAdapter.handleInternal(RequestMappingHandlerAdapter.java:797)
	at org.springframework.web.servlet.mvc.method.AbstractHandlerMethodAdapter.handle(AbstractHandlerMethodAdapter.java:87)
	at org.springframework.web.servlet.DispatcherServlet.doDispatch(DispatcherServlet.java:1040)
	at org.springframework.web.servlet.DispatcherServlet.doService(DispatcherServlet.java:943)
	at org.springframework.web.servlet.FrameworkServlet.processRequest(FrameworkServlet.java:1006)
	at org.springframework.web.servlet.FrameworkServlet.doPut(FrameworkServlet.java:920)
	at javax.servlet.http.HttpServlet.service(HttpServlet.java:655)
	at org.springframework.web.servlet.FrameworkServlet.service(FrameworkServlet.java:883)
	at javax.servlet.http.HttpServlet.service(HttpServlet.java:733)
	at org.apache.catalina.core.ApplicationFilterChain.internalDoFilter(ApplicationFilterChain.java:231)
	at org.apache.catalina.core.ApplicationFilterChain.doFilter(ApplicationFilterChain.java:166)
	at org.apache.tomcat.websocket.server.WsFilter.doFilter(WsFilter.java:53)
	at org.apache.catalina.core.ApplicationFilterChain.internalDoFilter(ApplicationFilterChain.java:193)
	at org.apache.catalina.core.ApplicationFilterChain.doFilter(ApplicationFilterChain.java:166)
	at org.springframework.web.filter.RequestContextFilter.doFilterInternal(RequestContextFilter.java:100)
	at org.springframework.web.filter.OncePerRequestFilter.doFilter(OncePerRequestFilter.java:119)
	at org.apache.catalina.core.ApplicationFilterChain.internalDoFilter(ApplicationFilterChain.java:193)
	at org.apache.catalina.core.ApplicationFilterChain.doFilter(ApplicationFilterChain.java:166)
	at org.springframework.web.filter.FormContentFilter.doFilterInternal(FormContentFilter.java:93)
	at org.springframework.web.filter.OncePerRequestFilter.doFilter(OncePerRequestFilter.java:119)
	at org.apache.catalina.core.ApplicationFilterChain.internalDoFilter(ApplicationFilterChain.java:193)
	at org.apache.catalina.core.ApplicationFilterChain.doFilter(ApplicationFilterChain.java:166)
	at org.springframework.web.filter.HiddenHttpMethodFilter.doFilterInternal(HiddenHttpMethodFilter.java:94)
	at org.springframework.web.filter.OncePerRequestFilter.doFilter(OncePerRequestFilter.java:119)
	at org.apache.catalina.core.ApplicationFilterChain.internalDoFilter(ApplicationFilterChain.java:193)
	at org.apache.catalina.core.ApplicationFilterChain.doFilter(ApplicationFilterChain.java:166)
	at org.springframework.web.filter.CharacterEncodingFilter.doFilterInternal(CharacterEncodingFilter.java:201)
	at org.springframework.web.filter.OncePerRequestFilter.doFilter(OncePerRequestFilter.java:119)
	at org.apache.catalina.core.ApplicationFilterChain.internalDoFilter(ApplicationFilterChain.java:193)
	at org.apache.catalina.core.ApplicationFilterChain.doFilter(ApplicationFilterChain.java:166)
	at org.apache.catalina.core.StandardWrapperValve.invoke(StandardWrapperValve.java:202)
	at org.apache.catalina.core.StandardContextValve.invoke(StandardContextValve.java:96)
	at org.apache.catalina.authenticator.AuthenticatorBase.invoke(AuthenticatorBase.java:541)
	at org.apache.catalina.core.StandardHostValve.invoke(StandardHostValve.java:139)
	at org.apache.catalina.valves.ErrorReportValve.invoke(ErrorReportValve.java:92)
	at org.apache.catalina.core.StandardEngineValve.invoke(StandardEngineValve.java:74)
	at org.apache.catalina.connector.CoyoteAdapter.service(CoyoteAdapter.java:343)
	at org.apache.coyote.http11.Http11Processor.service(Http11Processor.java:373)
	at org.apache.coyote.AbstractProcessorLight.process(AbstractProcessorLight.java:65)
	at org.apache.coyote.AbstractProtocol$ConnectionHandler.process(AbstractProtocol.java:868)
	at org.apache.tomcat.util.net.NioEndpoint$SocketProcessor.doRun(NioEndpoint.java:1589)
	at org.apache.tomcat.util.net.SocketProcessorBase.run(SocketProcessorBase.java:49)
	at java.util.concurrent.ThreadPoolExecutor.runWorker(ThreadPoolExecutor.java:1149)
	at java.util.concurrent.ThreadPoolExecutor$Worker.run(ThreadPoolExecutor.java:624)
	at org.apache.tomcat.util.threads.TaskThread$WrappingRunnable.run(TaskThread.java:61)
	at java.lang.Thread.run(Thread.java:748)
2020-09-02 18:04:00.245 [ restartedMain ] - [ INFO  ] [ com.yetao.blog.BlogApplication : 50 ] - Starting BlogApplication on DESKTOP-774GIQL with PID 3736 (D:\Code\IdeaProjects\blog\target\classes started by yetao in D:\Code\IdeaProjects\blog)
2020-09-02 18:04:00.250 [ restartedMain ] - [ INFO  ] [ com.yetao.blog.BlogApplication : 648 ] - No active profile set, falling back to default profiles: default
2020-09-02 18:04:01.791 [ restartedMain ] - [ INFO  ] [ org.apache.coyote.http11.Http11NioProtocol : 173 ] - Initializing ProtocolHandler ["http-nio-8000"]
2020-09-02 18:04:01.803 [ restartedMain ] - [ INFO  ] [ org.apache.catalina.core.StandardService : 173 ] - Starting service [Tomcat]
2020-09-02 18:04:01.803 [ restartedMain ] - [ INFO  ] [ org.apache.catalina.core.StandardEngine : 173 ] - Starting Servlet engine: [Apache Tomcat/9.0.37]
2020-09-02 18:04:01.920 [ restartedMain ] - [ INFO  ] [ o.a.c.core.ContainerBase.[Tomcat].[localhost].[/] : 173 ] - Initializing Spring embedded WebApplicationContext
2020-09-02 18:04:03.333 [ restartedMain ] - [ INFO  ] [ org.apache.coyote.http11.Http11NioProtocol : 173 ] - Starting ProtocolHandler ["http-nio-8000"]
2020-09-02 18:04:03.355 [ restartedMain ] - [ INFO  ] [ com.yetao.blog.BlogApplication : 59 ] - Started BlogApplication in 3.601 seconds (JVM running for 4.413)
2020-09-02 18:04:12.368 [ http-nio-8000-exec-1 ] - [ INFO  ] [ o.a.c.core.ContainerBase.[Tomcat].[localhost].[/] : 173 ] - Initializing Spring DispatcherServlet 'dispatcherServlet'
2020-09-02 18:04:12.537 [ http-nio-8000-exec-1 ] - [ INFO  ] [ com.zaxxer.hikari.HikariDataSource : 110 ] - HikariPool-1 - Starting...
2020-09-02 18:04:12.696 [ http-nio-8000-exec-1 ] - [ INFO  ] [ com.zaxxer.hikari.HikariDataSource : 123 ] - HikariPool-1 - Start completed.
2020-09-02 18:14:03.901 [ restartedMain ] - [ INFO  ] [ com.yetao.blog.BlogApplication : 50 ] - Starting BlogApplication on DESKTOP-774GIQL with PID 3176 (D:\Code\IdeaProjects\blog\target\classes started by yetao in D:\Code\IdeaProjects\blog)
2020-09-02 18:14:03.905 [ restartedMain ] - [ INFO  ] [ com.yetao.blog.BlogApplication : 648 ] - No active profile set, falling back to default profiles: default
2020-09-02 18:14:05.578 [ restartedMain ] - [ INFO  ] [ org.apache.coyote.http11.Http11NioProtocol : 173 ] - Initializing ProtocolHandler ["http-nio-8000"]
2020-09-02 18:14:05.588 [ restartedMain ] - [ INFO  ] [ org.apache.catalina.core.StandardService : 173 ] - Starting service [Tomcat]
2020-09-02 18:14:05.589 [ restartedMain ] - [ INFO  ] [ org.apache.catalina.core.StandardEngine : 173 ] - Starting Servlet engine: [Apache Tomcat/9.0.37]
2020-09-02 18:14:05.713 [ restartedMain ] - [ INFO  ] [ o.a.c.core.ContainerBase.[Tomcat].[localhost].[/] : 173 ] - Initializing Spring embedded WebApplicationContext
2020-09-02 18:14:07.005 [ restartedMain ] - [ INFO  ] [ org.apache.coyote.http11.Http11NioProtocol : 173 ] - Starting ProtocolHandler ["http-nio-8000"]
2020-09-02 18:14:07.029 [ restartedMain ] - [ INFO  ] [ com.yetao.blog.BlogApplication : 59 ] - Started BlogApplication in 3.782 seconds (JVM running for 4.731)
2020-09-02 18:14:37.007 [ http-nio-8000-exec-1 ] - [ INFO  ] [ o.a.c.core.ContainerBase.[Tomcat].[localhost].[/] : 173 ] - Initializing Spring DispatcherServlet 'dispatcherServlet'
2020-09-02 18:14:37.187 [ http-nio-8000-exec-1 ] - [ INFO  ] [ com.zaxxer.hikari.HikariDataSource : 110 ] - HikariPool-1 - Starting...
2020-09-02 18:14:37.313 [ http-nio-8000-exec-1 ] - [ INFO  ] [ com.zaxxer.hikari.HikariDataSource : 123 ] - HikariPool-1 - Start completed.
2020-09-02 18:14:56.478 [ http-nio-8000-exec-2 ] - [ ERROR ] [ o.a.c.c.C.[.[localhost].[/].[dispatcherServlet] : 175 ] - Servlet.service() for servlet [dispatcherServlet] in context with path [] threw exception [Request processing failed; nested exception is org.springframework.jdbc.BadSqlGrammarException: 
### Error updating database.  Cause: java.sql.SQLSyntaxErrorException: You have an error in your SQL syntax; check the manual that corresponds to your MySQL server version for the right syntax to use near 'WHERE id=null' at line 1
### The error may exist in com/yetao/blog/mapper/AdminUserMapper.java (best guess)
### The error may involve com.yetao.blog.mapper.AdminUserMapper.updateById-Inline
### The error occurred while setting parameters
### SQL: UPDATE tb_admin    WHERE id=?
### Cause: java.sql.SQLSyntaxErrorException: You have an error in your SQL syntax; check the manual that corresponds to your MySQL server version for the right syntax to use near 'WHERE id=null' at line 1
; bad SQL grammar []; nested exception is java.sql.SQLSyntaxErrorException: You have an error in your SQL syntax; check the manual that corresponds to your MySQL server version for the right syntax to use near 'WHERE id=null' at line 1] with root cause
java.sql.SQLSyntaxErrorException: You have an error in your SQL syntax; check the manual that corresponds to your MySQL server version for the right syntax to use near 'WHERE id=null' at line 1
	at com.mysql.cj.jdbc.exceptions.SQLError.createSQLException(SQLError.java:120)
	at com.mysql.cj.jdbc.exceptions.SQLError.createSQLException(SQLError.java:97)
	at com.mysql.cj.jdbc.exceptions.SQLExceptionsMapping.translateException(SQLExceptionsMapping.java:122)
	at com.mysql.cj.jdbc.ClientPreparedStatement.executeInternal(ClientPreparedStatement.java:953)
	at com.mysql.cj.jdbc.ClientPreparedStatement.execute(ClientPreparedStatement.java:370)
	at com.zaxxer.hikari.pool.ProxyPreparedStatement.execute(ProxyPreparedStatement.java:44)
	at com.zaxxer.hikari.pool.HikariProxyPreparedStatement.execute(HikariProxyPreparedStatement.java)
	at sun.reflect.NativeMethodAccessorImpl.invoke0(Native Method)
	at sun.reflect.NativeMethodAccessorImpl.invoke(NativeMethodAccessorImpl.java:62)
	at sun.reflect.DelegatingMethodAccessorImpl.invoke(DelegatingMethodAccessorImpl.java:43)
	at java.lang.reflect.Method.invoke(Method.java:498)
	at org.apache.ibatis.logging.jdbc.PreparedStatementLogger.invoke(PreparedStatementLogger.java:59)
	at com.sun.proxy.$Proxy92.execute(Unknown Source)
	at org.apache.ibatis.executor.statement.PreparedStatementHandler.update(PreparedStatementHandler.java:47)
	at org.apache.ibatis.executor.statement.RoutingStatementHandler.update(RoutingStatementHandler.java:74)
	at com.baomidou.mybatisplus.core.executor.MybatisSimpleExecutor.doUpdate(MybatisSimpleExecutor.java:56)
	at org.apache.ibatis.executor.BaseExecutor.update(BaseExecutor.java:117)
	at com.baomidou.mybatisplus.core.executor.MybatisCachingExecutor.update(MybatisCachingExecutor.java:85)
	at org.apache.ibatis.session.defaults.DefaultSqlSession.update(DefaultSqlSession.java:197)
	at sun.reflect.NativeMethodAccessorImpl.invoke0(Native Method)
	at sun.reflect.NativeMethodAccessorImpl.invoke(NativeMethodAccessorImpl.java:62)
	at sun.reflect.DelegatingMethodAccessorImpl.invoke(DelegatingMethodAccessorImpl.java:43)
	at java.lang.reflect.Method.invoke(Method.java:498)
	at org.mybatis.spring.SqlSessionTemplate$SqlSessionInterceptor.invoke(SqlSessionTemplate.java:426)
	at com.sun.proxy.$Proxy71.update(Unknown Source)
	at org.mybatis.spring.SqlSessionTemplate.update(SqlSessionTemplate.java:287)
	at com.baomidou.mybatisplus.core.override.MybatisMapperMethod.execute(MybatisMapperMethod.java:65)
	at com.baomidou.mybatisplus.core.override.MybatisMapperProxy$PlainMethodInvoker.invoke(MybatisMapperProxy.java:148)
	at com.baomidou.mybatisplus.core.override.MybatisMapperProxy.invoke(MybatisMapperProxy.java:89)
	at com.sun.proxy.$Proxy72.updateById(Unknown Source)
	at com.yetao.blog.service.impl.AdminUserServiceImpl.updateAdminById(AdminUserServiceImpl.java:84)
	at com.yetao.blog.controller.AdminUserController.updateAdminById(AdminUserController.java:63)
	at sun.reflect.NativeMethodAccessorImpl.invoke0(Native Method)
	at sun.reflect.NativeMethodAccessorImpl.invoke(NativeMethodAccessorImpl.java:62)
	at sun.reflect.DelegatingMethodAccessorImpl.invoke(DelegatingMethodAccessorImpl.java:43)
	at java.lang.reflect.Method.invoke(Method.java:498)
	at org.springframework.web.method.support.InvocableHandlerMethod.doInvoke(InvocableHandlerMethod.java:190)
	at org.springframework.web.method.support.InvocableHandlerMethod.invokeForRequest(InvocableHandlerMethod.java:138)
	at org.springframework.web.servlet.mvc.method.annotation.ServletInvocableHandlerMethod.invokeAndHandle(ServletInvocableHandlerMethod.java:105)
	at org.springframework.web.servlet.mvc.method.annotation.RequestMappingHandlerAdapter.invokeHandlerMethod(RequestMappingHandlerAdapter.java:892)
	at org.springframework.web.servlet.mvc.method.annotation.RequestMappingHandlerAdapter.handleInternal(RequestMappingHandlerAdapter.java:797)
	at org.springframework.web.servlet.mvc.method.AbstractHandlerMethodAdapter.handle(AbstractHandlerMethodAdapter.java:87)
	at org.springframework.web.servlet.DispatcherServlet.doDispatch(DispatcherServlet.java:1040)
	at org.springframework.web.servlet.DispatcherServlet.doService(DispatcherServlet.java:943)
	at org.springframework.web.servlet.FrameworkServlet.processRequest(FrameworkServlet.java:1006)
	at org.springframework.web.servlet.FrameworkServlet.doPut(FrameworkServlet.java:920)
	at javax.servlet.http.HttpServlet.service(HttpServlet.java:655)
	at org.springframework.web.servlet.FrameworkServlet.service(FrameworkServlet.java:883)
	at javax.servlet.http.HttpServlet.service(HttpServlet.java:733)
	at org.apache.catalina.core.ApplicationFilterChain.internalDoFilter(ApplicationFilterChain.java:231)
	at org.apache.catalina.core.ApplicationFilterChain.doFilter(ApplicationFilterChain.java:166)
	at org.apache.tomcat.websocket.server.WsFilter.doFilter(WsFilter.java:53)
	at org.apache.catalina.core.ApplicationFilterChain.internalDoFilter(ApplicationFilterChain.java:193)
	at org.apache.catalina.core.ApplicationFilterChain.doFilter(ApplicationFilterChain.java:166)
	at org.springframework.web.filter.RequestContextFilter.doFilterInternal(RequestContextFilter.java:100)
	at org.springframework.web.filter.OncePerRequestFilter.doFilter(OncePerRequestFilter.java:119)
	at org.apache.catalina.core.ApplicationFilterChain.internalDoFilter(ApplicationFilterChain.java:193)
	at org.apache.catalina.core.ApplicationFilterChain.doFilter(ApplicationFilterChain.java:166)
	at org.springframework.web.filter.FormContentFilter.doFilterInternal(FormContentFilter.java:93)
	at org.springframework.web.filter.OncePerRequestFilter.doFilter(OncePerRequestFilter.java:119)
	at org.apache.catalina.core.ApplicationFilterChain.internalDoFilter(ApplicationFilterChain.java:193)
	at org.apache.catalina.core.ApplicationFilterChain.doFilter(ApplicationFilterChain.java:166)
	at org.springframework.web.filter.HiddenHttpMethodFilter.doFilterInternal(HiddenHttpMethodFilter.java:94)
	at org.springframework.web.filter.OncePerRequestFilter.doFilter(OncePerRequestFilter.java:119)
	at org.apache.catalina.core.ApplicationFilterChain.internalDoFilter(ApplicationFilterChain.java:193)
	at org.apache.catalina.core.ApplicationFilterChain.doFilter(ApplicationFilterChain.java:166)
	at org.springframework.web.filter.CharacterEncodingFilter.doFilterInternal(CharacterEncodingFilter.java:201)
	at org.springframework.web.filter.OncePerRequestFilter.doFilter(OncePerRequestFilter.java:119)
	at org.apache.catalina.core.ApplicationFilterChain.internalDoFilter(ApplicationFilterChain.java:193)
	at org.apache.catalina.core.ApplicationFilterChain.doFilter(ApplicationFilterChain.java:166)
	at org.apache.catalina.core.StandardWrapperValve.invoke(StandardWrapperValve.java:202)
	at org.apache.catalina.core.StandardContextValve.invoke(StandardContextValve.java:96)
	at org.apache.catalina.authenticator.AuthenticatorBase.invoke(AuthenticatorBase.java:541)
	at org.apache.catalina.core.StandardHostValve.invoke(StandardHostValve.java:139)
	at org.apache.catalina.valves.ErrorReportValve.invoke(ErrorReportValve.java:92)
	at org.apache.catalina.core.StandardEngineValve.invoke(StandardEngineValve.java:74)
	at org.apache.catalina.connector.CoyoteAdapter.service(CoyoteAdapter.java:343)
	at org.apache.coyote.http11.Http11Processor.service(Http11Processor.java:373)
	at org.apache.coyote.AbstractProcessorLight.process(AbstractProcessorLight.java:65)
	at org.apache.coyote.AbstractProtocol$ConnectionHandler.process(AbstractProtocol.java:868)
	at org.apache.tomcat.util.net.NioEndpoint$SocketProcessor.doRun(NioEndpoint.java:1589)
	at org.apache.tomcat.util.net.SocketProcessorBase.run(SocketProcessorBase.java:49)
	at java.util.concurrent.ThreadPoolExecutor.runWorker(ThreadPoolExecutor.java:1149)
	at java.util.concurrent.ThreadPoolExecutor$Worker.run(ThreadPoolExecutor.java:624)
	at org.apache.tomcat.util.threads.TaskThread$WrappingRunnable.run(TaskThread.java:61)
	at java.lang.Thread.run(Thread.java:748)
2020-09-02 18:20:35.176 [ restartedMain ] - [ INFO  ] [ com.yetao.blog.BlogApplication : 50 ] - Starting BlogApplication on DESKTOP-774GIQL with PID 17640 (D:\Code\IdeaProjects\blog\target\classes started by yetao in D:\Code\IdeaProjects\blog)
2020-09-02 18:20:35.181 [ restartedMain ] - [ INFO  ] [ com.yetao.blog.BlogApplication : 648 ] - No active profile set, falling back to default profiles: default
2020-09-02 18:20:37.043 [ restartedMain ] - [ INFO  ] [ org.apache.coyote.http11.Http11NioProtocol : 173 ] - Initializing ProtocolHandler ["http-nio-8000"]
2020-09-02 18:20:37.059 [ restartedMain ] - [ INFO  ] [ org.apache.catalina.core.StandardService : 173 ] - Starting service [Tomcat]
2020-09-02 18:20:37.059 [ restartedMain ] - [ INFO  ] [ org.apache.catalina.core.StandardEngine : 173 ] - Starting Servlet engine: [Apache Tomcat/9.0.37]
2020-09-02 18:20:37.201 [ restartedMain ] - [ INFO  ] [ o.a.c.core.ContainerBase.[Tomcat].[localhost].[/] : 173 ] - Initializing Spring embedded WebApplicationContext
2020-09-02 18:20:38.770 [ restartedMain ] - [ INFO  ] [ org.apache.coyote.http11.Http11NioProtocol : 173 ] - Starting ProtocolHandler ["http-nio-8000"]
2020-09-02 18:20:38.795 [ restartedMain ] - [ INFO  ] [ com.yetao.blog.BlogApplication : 59 ] - Started BlogApplication in 4.191 seconds (JVM running for 5.4)
2020-09-02 18:20:44.126 [ http-nio-8000-exec-1 ] - [ INFO  ] [ o.a.c.core.ContainerBase.[Tomcat].[localhost].[/] : 173 ] - Initializing Spring DispatcherServlet 'dispatcherServlet'
2020-09-02 18:21:01.451 [ http-nio-8000-exec-3 ] - [ INFO  ] [ com.zaxxer.hikari.HikariDataSource : 110 ] - HikariPool-1 - Starting...
2020-09-02 18:21:01.617 [ http-nio-8000-exec-3 ] - [ INFO  ] [ com.zaxxer.hikari.HikariDataSource : 123 ] - HikariPool-1 - Start completed.
2020-09-02 18:24:34.405 [ restartedMain ] - [ INFO  ] [ com.yetao.blog.BlogApplication : 50 ] - Starting BlogApplication on DESKTOP-774GIQL with PID 9608 (D:\Code\IdeaProjects\blog\target\classes started by yetao in D:\Code\IdeaProjects\blog)
2020-09-02 18:24:34.410 [ restartedMain ] - [ INFO  ] [ com.yetao.blog.BlogApplication : 648 ] - No active profile set, falling back to default profiles: default
2020-09-02 18:24:35.967 [ restartedMain ] - [ INFO  ] [ org.apache.coyote.http11.Http11NioProtocol : 173 ] - Initializing ProtocolHandler ["http-nio-8000"]
2020-09-02 18:24:35.979 [ restartedMain ] - [ INFO  ] [ org.apache.catalina.core.StandardService : 173 ] - Starting service [Tomcat]
2020-09-02 18:24:35.980 [ restartedMain ] - [ INFO  ] [ org.apache.catalina.core.StandardEngine : 173 ] - Starting Servlet engine: [Apache Tomcat/9.0.37]
2020-09-02 18:24:36.132 [ restartedMain ] - [ INFO  ] [ o.a.c.core.ContainerBase.[Tomcat].[localhost].[/] : 173 ] - Initializing Spring embedded WebApplicationContext
2020-09-02 18:24:38.254 [ restartedMain ] - [ INFO  ] [ org.apache.coyote.http11.Http11NioProtocol : 173 ] - Starting ProtocolHandler ["http-nio-8000"]
2020-09-02 18:24:38.286 [ restartedMain ] - [ INFO  ] [ com.yetao.blog.BlogApplication : 59 ] - Started BlogApplication in 4.395 seconds (JVM running for 5.164)
2020-09-02 18:24:39.928 [ http-nio-8000-exec-1 ] - [ INFO  ] [ o.a.c.core.ContainerBase.[Tomcat].[localhost].[/] : 173 ] - Initializing Spring DispatcherServlet 'dispatcherServlet'
2020-09-02 18:24:40.070 [ http-nio-8000-exec-1 ] - [ INFO  ] [ com.zaxxer.hikari.HikariDataSource : 110 ] - HikariPool-1 - Starting...
2020-09-02 18:24:40.208 [ http-nio-8000-exec-1 ] - [ INFO  ] [ com.zaxxer.hikari.HikariDataSource : 123 ] - HikariPool-1 - Start completed.
